<?xml version="1.0" encoding="UTF-8"?>
<!-- Generated by org.testng.reporters.JUnitReportReporter -->
<testsuite skipped="1" hostname="NB-MohammedMUS" name="Demo.nopCommerce.com.TestLogin" tests="4" failures="0" timestamp="22 Jun 2019 12:20:34 GMT" time="19.951" errors="0">
  <testcase name="AccessRequests" time="6.092" classname="Demo.nopCommerce.com.TestLogin"/>
  <testcase name="AccessRequests" time="4.217" classname="Demo.nopCommerce.com.TestLogin"/>
  <testcase name="AccessRequests" time="6.097" classname="Demo.nopCommerce.com.TestLogin">
    <skipped/>
  </testcase> <!-- AccessRequests -->
  <testcase name="AccessRequests" time="3.545" classname="Demo.nopCommerce.com.TestLogin"/>
</testsuite> <!-- Demo.nopCommerce.com.TestLogin -->
